<?xml version="1.0" encoding="UTF-8"?>
<testsuite name="OptionsParserTest" tests="1" skipped="0" failures="0" errors="0" timestamp="2020-11-11T21:56:26" hostname="MSI" time="0.006">
  <properties/>
  <testcase name="testParser" classname="OptionsParserTest" time="0.006"/>
  <system-out><![CDATA[FORWARD
FORWARD
]]></system-out>
  <system-err><![CDATA[]]></system-err>
</testsuite>
